<?xml version="1.0" encoding="UTF-8"?>
<testng-results ignored="0" total="1" passed="1" failed="0" skipped="0">
  <reporter-output>
  </reporter-output>
  <suite started-at="2023-12-29T11:46:48 CET" name="Default suite" finished-at="2023-12-29T11:48:45 CET" duration-ms="117779">
    <groups>
      <group name="cucumber">
        <method signature="AbstractTestNGCucumberTests.runScenario(io.cucumber.testng.PickleWrapper,io.cucumber.testng.FeatureWrapper)[pri:0, instance:RunGraficaTest.RunGraficasTest@175c2241]" name="runScenario" class="io.cucumber.testng.AbstractTestNGCucumberTests"/>
      </group> <!-- cucumber -->
    </groups>
    <test started-at="2023-12-29T11:46:48 CET" name="Default test" finished-at="2023-12-29T11:48:45 CET" duration-ms="117779">
      <class name="RunGraficaTest.RunGraficasTest">
        <test-method is-config="true" signature="setUpClass(org.testng.ITestContext)[pri:0, instance:RunGraficaTest.RunGraficasTest@175c2241]" started-at="2023-12-29T11:46:48 CET" name="setUpClass" finished-at="2023-12-29T11:46:48 CET" duration-ms="203" status="PASS">
          <params>
            <param index="0">
              <value>
                <![CDATA[org.testng.TestRunner@10947c4e]]>
              </value>
            </param>
          </params>
          <reporter-output>
          </reporter-output>
        </test-method> <!-- setUpClass -->
        <test-method signature="runScenario(io.cucumber.testng.PickleWrapper,io.cucumber.testng.FeatureWrapper)[pri:0, instance:RunGraficaTest.RunGraficasTest@175c2241]" started-at="2023-12-29T11:46:48 CET" name="runScenario" description="Runs Cucumber Scenarios" data-provider="scenarios" finished-at="2023-12-29T11:48:45 CET" duration-ms="117527" status="PASS">
          <params>
            <param index="0">
              <value>
                <![CDATA["Mostrar Graficas"]]>
              </value>
            </param>
            <param index="1">
              <value>
                <![CDATA["Graficas"]]>
              </value>
            </param>
          </params>
          <reporter-output>
          </reporter-output>
        </test-method> <!-- runScenario -->
        <test-method is-config="true" signature="tearDownClass()[pri:0, instance:RunGraficaTest.RunGraficasTest@175c2241]" started-at="2023-12-29T11:48:45 CET" name="tearDownClass" finished-at="2023-12-29T11:48:45 CET" duration-ms="5" status="PASS">
          <reporter-output>
          </reporter-output>
        </test-method> <!-- tearDownClass -->
      </class> <!-- RunGraficaTest.RunGraficasTest -->
    </test> <!-- Default test -->
  </suite> <!-- Default suite -->
</testng-results>
